\BOOKMARK [1][-]{section.1}{Install}{}% 1
\BOOKMARK [1][-]{section.2}{Config}{}% 2
\BOOKMARK [1][-]{section.3}{General helm commands}{}% 3
\BOOKMARK [1][-]{section.4}{Overview of preconfigured helm commands}{}% 4
\BOOKMARK [1][-]{section.5}{Helm Find Files}{}% 5
\BOOKMARK [2][-]{subsection.5.1}{Navigation}{section.5}% 6
\BOOKMARK [2][-]{subsection.5.2}{Jump with nth commands}{section.5}% 7
\BOOKMARK [2][-]{subsection.5.3}{Helm find files action shortcuts}{section.5}% 8
\BOOKMARK [2][-]{subsection.5.4}{Turn in image viewer}{section.5}% 9
\BOOKMARK [2][-]{subsection.5.5}{Serial rename}{section.5}% 10
\BOOKMARK [2][-]{subsection.5.6}{Grep}{section.5}% 11
\BOOKMARK [2][-]{subsection.5.7}{Helm do grep}{section.5}% 12
\BOOKMARK [2][-]{subsection.5.8}{Grep from helm-find-files}{section.5}% 13
\BOOKMARK [2][-]{subsection.5.9}{Grep One file}{section.5}% 14
\BOOKMARK [2][-]{subsection.5.10}{Grep Marked files}{section.5}% 15
\BOOKMARK [3][-]{subsubsection.5.10.1}{Grep marked files from differents directories}{subsection.5.10}% 16
\BOOKMARK [2][-]{subsection.5.11}{Grep Directory recursively}{section.5}% 17
\BOOKMARK [2][-]{subsection.5.12}{Grep Using Wildcard}{section.5}% 18
\BOOKMARK [2][-]{subsection.5.13}{Grep thing at point}{section.5}% 19
\BOOKMARK [2][-]{subsection.5.14}{Grep persistent action}{section.5}% 20
\BOOKMARK [2][-]{subsection.5.15}{Save grep session}{section.5}% 21
\BOOKMARK [2][-]{subsection.5.16}{Open Files Externally}{section.5}% 22
\BOOKMARK [2][-]{subsection.5.17}{Eshell command on files}{section.5}% 23
\BOOKMARK [2][-]{subsection.5.18}{Why Eshell}{section.5}% 24
\BOOKMARK [2][-]{subsection.5.19}{Setup Aliases}{section.5}% 25
\BOOKMARK [2][-]{subsection.5.20}{Problem starting Eshell}{section.5}% 26
\BOOKMARK [2][-]{subsection.5.21}{Dired Commands}{section.5}% 27
\BOOKMARK [2][-]{subsection.5.22}{Copy Files}{section.5}% 28
\BOOKMARK [2][-]{subsection.5.23}{Rename Files}{section.5}% 29
\BOOKMARK [2][-]{subsection.5.24}{Symlink Files}{section.5}% 30
\BOOKMARK [2][-]{subsection.5.25}{Hardlink}{section.5}% 31
\BOOKMARK [2][-]{subsection.5.26}{Follow file after action}{section.5}% 32
\BOOKMARK [2][-]{subsection.5.27}{In Buffer File Completion}{section.5}% 33
\BOOKMARK [2][-]{subsection.5.28}{Create File}{section.5}% 34
\BOOKMARK [2][-]{subsection.5.29}{Create Directory}{section.5}% 35
\BOOKMARK [2][-]{subsection.5.30}{Ediff files}{section.5}% 36
\BOOKMARK [2][-]{subsection.5.31}{Ediff merge files}{section.5}% 37
\BOOKMARK [2][-]{subsection.5.32}{Browse archive with avfs}{section.5}% 38
\BOOKMARK [2][-]{subsection.5.33}{Display with icons}{section.5}% 39
\BOOKMARK [1][-]{section.6}{Helm write buffer}{}% 40
\BOOKMARK [1][-]{section.7}{Helm insert file}{}% 41
\BOOKMARK [1][-]{section.8}{Helm M-x}{}% 42
\BOOKMARK [1][-]{section.9}{Helm regexp}{}% 43
\BOOKMARK [2][-]{subsection.9.1}{Query replace regexp}{section.9}% 44
\BOOKMARK [2][-]{subsection.9.2}{Save regexp as sexp}{section.9}% 45
\BOOKMARK [2][-]{subsection.9.3}{Save regexp as string}{section.9}% 46
\BOOKMARK [1][-]{section.10}{Helm locate}{}% 47
\BOOKMARK [2][-]{subsection.10.1}{Search files}{section.10}% 48
\BOOKMARK [2][-]{subsection.10.2}{Launch grep}{section.10}% 49
\BOOKMARK [2][-]{subsection.10.3}{Use a local locate DB}{section.10}% 50
\BOOKMARK [2][-]{subsection.10.4}{Windows specificity}{section.10}% 51
\BOOKMARK [1][-]{section.11}{Helm Etags}{}% 52
\BOOKMARK [2][-]{subsection.11.1}{Create the tag file}{section.11}% 53
\BOOKMARK [2][-]{subsection.11.2}{Start helm etags}{section.11}% 54
\BOOKMARK [1][-]{section.12}{Firefox bookmarks}{}% 55
\BOOKMARK [1][-]{section.13}{Helm for buffers}{}% 56
\BOOKMARK [2][-]{subsection.13.1}{Borring buffers}{section.13}% 57
\BOOKMARK [2][-]{subsection.13.2}{Search buffers by major-mode}{section.13}% 58
\BOOKMARK [2][-]{subsection.13.3}{Different colors for buffers}{section.13}% 59
\BOOKMARK [2][-]{subsection.13.4}{Special commands}{section.13}% 60
\BOOKMARK [1][-]{section.14}{Other tools}{}% 61
\BOOKMARK [1][-]{section.15}{Helm completion mode}{}% 62
\BOOKMARK [1][-]{section.16}{Helm Eshell completion}{}% 63
\BOOKMARK [2][-]{subsection.16.1}{Enable helm pcomplete}{section.16}% 64
\BOOKMARK [3][-]{subsubsection.16.1.1}{Write your own pcomplete functions}{subsection.16.1}% 65
\BOOKMARK [2][-]{subsection.16.2}{Enable helm Eshell history}{section.16}% 66
\BOOKMARK [1][-]{section.17}{Usefuls extensions}{}% 67
\BOOKMARK [1][-]{section.18}{Usefuls links}{}% 68
